#
# There is insufficient memory for the Java Runtime Environment to continue.
# Native memory allocation (malloc) failed to allocate 2120624 bytes for Chunk::new
# Possible reasons:
#   The system is out of physical RAM or swap space
#   The process is running with CompressedOops enabled, and the Java Heap may be blocking the growth of the native heap
# Possible solutions:
#   Reduce memory load on the system
#   Increase physical memory or swap space
#   Check if swap backing store is full
#   Decrease Java heap size (-Xmx/-Xms)
#   Decrease number of Java threads
#   Decrease Java thread stack sizes (-Xss)
#   Set larger code cache with -XX:ReservedCodeCacheSize=
#   JVM is running with Unscaled Compressed Oops mode in which the Java heap is
#     placed in the first 4GB address space. The Java Heap base address is the
#     maximum limit for the native heap growth. Please use -XX:HeapBaseMinAddress
#     to set the Java Heap base and to place the Java Heap above 4GB virtual address.
# This output file may be truncated or incomplete.
#
#  Out of Memory Error (allocation.cpp:389), pid=12372, tid=0x0000000000003918
#
# JRE version: Java(TM) SE Runtime Environment (8.0_241-b07) (build 1.8.0_241-b07)
# Java VM: Java HotSpot(TM) 64-Bit Server VM (25.241-b07 mixed mode windows-amd64 compressed oops)
# Failed to write core dump. Minidumps are not enabled by default on client versions of Windows
#

---------------  T H R E A D  ---------------

Current thread (0x000000001752a000):  JavaThread "C2 CompilerThread0" daemon [_thread_in_native, id=14616, stack(0x0000000018b90000,0x0000000018c90000)]

Stack: [0x0000000018b90000,0x0000000018c90000]
[error occurred during error reporting (printing stack bounds), id 0xc0000005]

Native frames: (J=compiled Java code, j=interpreted, Vv=VM code, C=native code)


Current CompileTask:
C2:  13909 5607       4       com.sun.beans.TypeResolver::resolve (37 bytes)


---------------  P R O C E S S  ---------------

Java Threads: ( => current thread )
  0x0000000019051800 JavaThread "HikariPool-1 housekeeper" daemon [_thread_blocked, id=12508, stack(0x000000001b3c0000,0x000000001b4c0000)]
  0x000000001902e000 JavaThread "surefire-forkedjvm-ping-30s" daemon [_thread_blocked, id=10924, stack(0x0000000019590000,0x0000000019690000)]
  0x0000000018f95800 JavaThread "surefire-forkedjvm-command-thread" daemon [_thread_in_native, id=13688, stack(0x0000000019490000,0x0000000019590000)]
  0x0000000018eb8800 JavaThread "Service Thread" daemon [_thread_blocked, id=9700, stack(0x0000000019290000,0x0000000019390000)]
  0x0000000017536000 JavaThread "C1 CompilerThread2" daemon [_thread_blocked, id=9428, stack(0x0000000018d90000,0x0000000018e90000)]
  0x000000001752d800 JavaThread "C2 CompilerThread1" daemon [_thread_in_native, id=10612, stack(0x0000000018c90000,0x0000000018d90000)]
=>0x000000001752a000 JavaThread "C2 CompilerThread0" daemon [_thread_in_native, id=14616, stack(0x0000000018b90000,0x0000000018c90000)]
  0x0000000017528000 JavaThread "Attach Listener" daemon [_thread_blocked, id=3728, stack(0x0000000018a90000,0x0000000018b90000)]
  0x0000000017526800 JavaThread "Signal Dispatcher" daemon [_thread_blocked, id=5476, stack(0x0000000018990000,0x0000000018a90000)]
  0x00000000029fb000 JavaThread "Finalizer" daemon [_thread_blocked, id=6456, stack(0x0000000018780000,0x0000000018880000)]
  0x00000000029f2000 JavaThread "Reference Handler" daemon [_thread_blocked, id=10804, stack(0x0000000018680000,0x0000000018780000)]
  0x0000000002902800 JavaThread "main" [_thread_in_vm, id=4176, stack(0x0000000002800000,0x0000000002900000)]

Other Threads:
  0x00000000174e8000 VMThread [stack: 0x0000000018580000,0x0000000018680000] [id=10212]
  0x000000001757e800 WatcherThread [stack: 0x0000000019390000,0x0000000019490000] [id=11036]

VM state:not at safepoint (normal execution)

VM Mutex/Monitor currently owned by a thread: None

heap address: 0x0000000081e00000, size: 2018 MB, Compressed Oops mode: 32-bit
Narrow klass base: 0x0000000000000000, Narrow klass shift: 3
Compressed class space size: 1073741824 Address: 0x0000000100000000

Heap:
 PSYoungGen      total 203264K, used 85578K [0x00000000d5f80000, 0x00000000e4280000, 0x0000000100000000)
  eden space 194048K, 39% used [0x00000000d5f80000,0x00000000daa85898,0x00000000e1d00000)
  from space 9216K, 95% used [0x00000000e3980000,0x00000000e420cfd0,0x00000000e4280000)
  to   space 15360K, 0% used [0x00000000e2480000,0x00000000e2480000,0x00000000e3380000)
 ParOldGen       total 56320K, used 27586K [0x0000000081e00000, 0x0000000085500000, 0x00000000d5f80000)
  object space 56320K, 48% used [0x0000000081e00000,0x00000000838f0860,0x0000000085500000)
 Metaspace       used 63387K, capacity 66112K, committed 66456K, reserved 1105920K
  class space    used 8807K, capacity 9282K, committed 9392K, reserved 1048576K

Card table byte_map: [0x0000000011dc0000,0x00000000121c0000] byte_map_base: 0x00000000119b1000

Marking Bits: (ParMarkBitMap*) 0x000000005382be30
 Begin Bits: [0x0000000012870000, 0x00000000147f8000)
 End Bits:   [0x00000000147f8000, 0x0000000016780000)

Polling page: 0x0000000002650000

CodeCache: size=245760Kb used=18582Kb max_used=18582Kb free=227177Kb
 bounds [0x0000000002a00000, 0x0000000003c40000, 0x0000000011a00000]
 total_blobs=5704 nmethods=5151 adapters=464
 compilation: enabled

Compilation events (10 events):
Event: 13.817 Thread 0x0000000017536000 5753       2       org.springframework.beans.factory.annotation.InitDestroyAnnotationBeanPostProcessor::buildLifecycleMetadata (103 bytes)
Event: 13.818 Thread 0x0000000017536000 nmethod 5753 0x0000000003c33190 code [0x0000000003c33360, 0x0000000003c33948]
Event: 13.844 Thread 0x0000000017536000 5754       1       java.util.EnumMap::access$600 (5 bytes)
Event: 13.844 Thread 0x0000000017536000 nmethod 5754 0x0000000003c33d10 code [0x0000000003c33e60, 0x0000000003c33f50]
Event: 13.863 Thread 0x0000000017536000 5755   !   2       java.lang.StringCoding$StringEncoder::encode (179 bytes)
Event: 13.864 Thread 0x0000000017536000 nmethod 5755 0x0000000003c33fd0 code [0x0000000003c34220, 0x0000000003c34d58]
Event: 13.864 Thread 0x0000000017536000 5756   !   2       java.lang.StringCoding::encode (64 bytes)
Event: 13.864 Thread 0x0000000017536000 nmethod 5756 0x0000000003c35710 code [0x0000000003c35900, 0x0000000003c35e08]
Event: 13.864 Thread 0x0000000017536000 5757       2       java.lang.StringCoding::access$300 (8 bytes)
Event: 13.865 Thread 0x0000000017536000 nmethod 5757 0x0000000003c361d0 code [0x0000000003c36340, 0x0000000003c365e8]

GC Heap History (10 events):
Event: 5.972 GC heap before
{Heap before GC invocations=11 (full 2):
 PSYoungGen      total 171008K, used 9525K [0x00000000d5f80000, 0x00000000e3980000, 0x0000000100000000)
  eden space 157696K, 0% used [0x00000000d5f80000,0x00000000d5f80000,0x00000000df980000)
  from space 13312K, 71% used [0x00000000df980000,0x00000000e02cd6f8,0x00000000e0680000)
  to   space 9728K, 0% used [0x00000000e0680000,0x00000000e0680000,0x00000000e1000000)
 ParOldGen       total 56320K, used 14238K [0x0000000081e00000, 0x0000000085500000, 0x00000000d5f80000)
  object space 56320K, 25% used [0x0000000081e00000,0x0000000082be78c8,0x0000000085500000)
 Metaspace       used 34128K, capacity 35378K, committed 35496K, reserved 1079296K
  class space    used 4453K, capacity 4701K, committed 4784K, reserved 1048576K
Event: 6.061 GC heap after
Heap after GC invocations=11 (full 2):
 PSYoungGen      total 171008K, used 0K [0x00000000d5f80000, 0x00000000e3980000, 0x0000000100000000)
  eden space 157696K, 0% used [0x00000000d5f80000,0x00000000d5f80000,0x00000000df980000)
  from space 13312K, 0% used [0x00000000df980000,0x00000000df980000,0x00000000e0680000)
  to   space 9728K, 0% used [0x00000000e0680000,0x00000000e0680000,0x00000000e1000000)
 ParOldGen       total 56320K, used 15981K [0x0000000081e00000, 0x0000000085500000, 0x00000000d5f80000)
  object space 56320K, 28% used [0x0000000081e00000,0x0000000082d9b7e0,0x0000000085500000)
 Metaspace       used 34127K, capacity 35372K, committed 35496K, reserved 1079296K
  class space    used 4453K, capacity 4700K, committed 4784K, reserved 1048576K
}
Event: 9.077 GC heap before
{Heap before GC invocations=12 (full 2):
 PSYoungGen      total 171008K, used 157696K [0x00000000d5f80000, 0x00000000e3980000, 0x0000000100000000)
  eden space 157696K, 100% used [0x00000000d5f80000,0x00000000df980000,0x00000000df980000)
  from space 13312K, 0% used [0x00000000df980000,0x00000000df980000,0x00000000e0680000)
  to   space 9728K, 0% used [0x00000000e0680000,0x00000000e0680000,0x00000000e1000000)
 ParOldGen       total 56320K, used 15981K [0x0000000081e00000, 0x0000000085500000, 0x00000000d5f80000)
  object space 56320K, 28% used [0x0000000081e00000,0x0000000082d9b7e0,0x0000000085500000)
 Metaspace       used 50668K, capacity 52172K, committed 52648K, reserved 1095680K
  class space    used 6939K, capacity 7238K, committed 7344K, reserved 1048576K
Event: 9.090 GC heap after
Heap after GC invocations=12 (full 2):
 PSYoungGen      total 167424K, used 9706K [0x00000000d5f80000, 0x00000000e3980000, 0x0000000100000000)
  eden space 157696K, 0% used [0x00000000d5f80000,0x00000000d5f80000,0x00000000df980000)
  from space 9728K, 99% used [0x00000000e0680000,0x00000000e0ffabb8,0x00000000e1000000)
  to   space 13312K, 0% used [0x00000000df980000,0x00000000df980000,0x00000000e0680000)
 ParOldGen       total 56320K, used 23651K [0x0000000081e00000, 0x0000000085500000, 0x00000000d5f80000)
  object space 56320K, 41% used [0x0000000081e00000,0x0000000083518ea0,0x0000000085500000)
 Metaspace       used 50668K, capacity 52172K, committed 52648K, reserved 1095680K
  class space    used 6939K, capacity 7238K, committed 7344K, reserved 1048576K
}
Event: 10.707 GC heap before
{Heap before GC invocations=13 (full 2):
 PSYoungGen      total 167424K, used 122967K [0x00000000d5f80000, 0x00000000e3980000, 0x0000000100000000)
  eden space 157696K, 71% used [0x00000000d5f80000,0x00000000dce1b2a0,0x00000000df980000)
  from space 9728K, 99% used [0x00000000e0680000,0x00000000e0ffabb8,0x00000000e1000000)
  to   space 13312K, 0% used [0x00000000df980000,0x00000000df980000,0x00000000e0680000)
 ParOldGen       total 56320K, used 23651K [0x0000000081e00000, 0x0000000085500000, 0x00000000d5f80000)
  object space 56320K, 41% used [0x0000000081e00000,0x0000000083518ea0,0x0000000085500000)
 Metaspace       used 56948K, capacity 59106K, committed 59160K, reserved 1099776K
  class space    used 7827K, capacity 8233K, committed 8240K, reserved 1048576K
Event: 10.717 GC heap after
Heap after GC invocations=13 (full 2):
 PSYoungGen      total 171008K, used 8560K [0x00000000d5f80000, 0x00000000e4900000, 0x0000000100000000)
  eden space 157696K, 0% used [0x00000000d5f80000,0x00000000d5f80000,0x00000000df980000)
  from space 13312K, 64% used [0x00000000df980000,0x00000000e01dc1b8,0x00000000e0680000)
  to   space 15872K, 0% used [0x00000000e3980000,0x00000000e3980000,0x00000000e4900000)
 ParOldGen       total 56320K, used 27772K [0x0000000081e00000, 0x0000000085500000, 0x00000000d5f80000)
  object space 56320K, 49% used [0x0000000081e00000,0x000000008391f130,0x0000000085500000)
 Metaspace       used 56948K, capacity 59106K, committed 59160K, reserved 1099776K
  class space    used 7827K, capacity 8233K, committed 8240K, reserved 1048576K
}
Event: 10.718 GC heap before
{Heap before GC invocations=14 (full 3):
 PSYoungGen      total 171008K, used 8560K [0x00000000d5f80000, 0x00000000e4900000, 0x0000000100000000)
  eden space 157696K, 0% used [0x00000000d5f80000,0x00000000d5f80000,0x00000000df980000)
  from space 13312K, 64% used [0x00000000df980000,0x00000000e01dc1b8,0x00000000e0680000)
  to   space 15872K, 0% used [0x00000000e3980000,0x00000000e3980000,0x00000000e4900000)
 ParOldGen       total 56320K, used 27772K [0x0000000081e00000, 0x0000000085500000, 0x00000000d5f80000)
  object space 56320K, 49% used [0x0000000081e00000,0x000000008391f130,0x0000000085500000)
 Metaspace       used 56948K, capacity 59106K, committed 59160K, reserved 1099776K
  class space    used 7827K, capacity 8233K, committed 8240K, reserved 1048576K
Event: 10.937 GC heap after
Heap after GC invocations=14 (full 3):
 PSYoungGen      total 171008K, used 0K [0x00000000d5f80000, 0x00000000e4900000, 0x0000000100000000)
  eden space 157696K, 0% used [0x00000000d5f80000,0x00000000d5f80000,0x00000000df980000)
  from space 13312K, 0% used [0x00000000df980000,0x00000000df980000,0x00000000e0680000)
  to   space 15872K, 0% used [0x00000000e3980000,0x00000000e3980000,0x00000000e4900000)
 ParOldGen       total 56320K, used 27578K [0x0000000081e00000, 0x0000000085500000, 0x00000000d5f80000)
  object space 56320K, 48% used [0x0000000081e00000,0x00000000838ee860,0x0000000085500000)
 Metaspace       used 56948K, capacity 59106K, committed 59160K, reserved 1099776K
  class space    used 7827K, capacity 8233K, committed 8240K, reserved 1048576K
}
Event: 13.091 GC heap before
{Heap before GC invocations=15 (full 3):
 PSYoungGen      total 171008K, used 157696K [0x00000000d5f80000, 0x00000000e4900000, 0x0000000100000000)
  eden space 157696K, 100% used [0x00000000d5f80000,0x00000000df980000,0x00000000df980000)
  from space 13312K, 0% used [0x00000000df980000,0x00000000df980000,0x00000000e0680000)
  to   space 15872K, 0% used [0x00000000e3980000,0x00000000e3980000,0x00000000e4900000)
 ParOldGen       total 56320K, used 27578K [0x0000000081e00000, 0x0000000085500000, 0x00000000d5f80000)
  object space 56320K, 48% used [0x0000000081e00000,0x00000000838ee860,0x0000000085500000)
 Metaspace       used 62074K, capacity 64478K, committed 64664K, reserved 1105920K
  class space    used 8609K, capacity 9051K, committed 9136K, reserved 1048576K
Event: 13.103 GC heap after
Heap after GC invocations=15 (full 3):
 PSYoungGen      total 203264K, used 8755K [0x00000000d5f80000, 0x00000000e4280000, 0x0000000100000000)
  eden space 194048K, 0% used [0x00000000d5f80000,0x00000000d5f80000,0x00000000e1d00000)
  from space 9216K, 95% used [0x00000000e3980000,0x00000000e420cfd0,0x00000000e4280000)
  to   space 15360K, 0% used [0x00000000e2480000,0x00000000e2480000,0x00000000e3380000)
 ParOldGen       total 56320K, used 27586K [0x0000000081e00000, 0x0000000085500000, 0x00000000d5f80000)
  object space 56320K, 48% used [0x0000000081e00000,0x00000000838f0860,0x0000000085500000)
 Metaspace       used 62074K, capacity 64478K, committed 64664K, reserved 1105920K
  class space    used 8609K, capacity 9051K, committed 9136K, reserved 1048576K
}

Deoptimization events (10 events):
Event: 13.047 Thread 0x0000000002902800 Uncommon trap: reason=unstable_if action=reinterpret pc=0x0000000003979c80 method=org.springframework.context.annotation.ConfigurationClassBeanDefinitionReader$ConfigurationClassBeanDefinition.isFactoryMethod(Ljava/lang/reflect/Method;)Z @ 12
Event: 13.058 Thread 0x0000000002902800 Uncommon trap: reason=bimorphic action=maybe_recompile pc=0x0000000002c41b74 method=java.util.Collections$SetFromMap.contains(Ljava/lang/Object;)Z @ 5
Event: 13.219 Thread 0x0000000002902800 Uncommon trap: reason=unstable_if action=reinterpret pc=0x0000000002fbf4bc method=java.io.WinNTFileSystem.isLetter(C)Z @ 3
Event: 13.220 Thread 0x0000000002902800 Uncommon trap: reason=predicate action=maybe_recompile pc=0x0000000003b5de78 method=java.util.AbstractCollection.toArray([Ljava/lang/Object;)[Ljava/lang/Object; @ 49
Event: 13.223 Thread 0x0000000002902800 Uncommon trap: reason=unstable_if action=reinterpret pc=0x0000000002b988a0 method=java.io.WinNTFileSystem.resolve(Ljava/lang/String;Ljava/lang/String;)Ljava/lang/String; @ 117
Event: 13.365 Thread 0x0000000002902800 Uncommon trap: reason=array_check action=maybe_recompile pc=0x0000000003b7bfec method=java.util.AbstractCollection.toArray([Ljava/lang/Object;)[Ljava/lang/Object; @ 119
Event: 13.365 Thread 0x0000000002902800 Uncommon trap: reason=array_check action=maybe_recompile pc=0x0000000003b7bfec method=java.util.AbstractCollection.toArray([Ljava/lang/Object;)[Ljava/lang/Object; @ 119
Event: 13.365 Thread 0x0000000002902800 Uncommon trap: reason=array_check action=maybe_recompile pc=0x0000000003b7bfec method=java.util.AbstractCollection.toArray([Ljava/lang/Object;)[Ljava/lang/Object; @ 119
Event: 13.395 Thread 0x0000000002902800 Uncommon trap: reason=array_check action=maybe_recompile pc=0x0000000003b7bfec method=java.util.AbstractCollection.toArray([Ljava/lang/Object;)[Ljava/lang/Object; @ 119
Event: 13.802 Thread 0x0000000002902800 Uncommon trap: reason=unstable_if action=reinterpret pc=0x0000000002b114cc method=java.util.WeakHashMap.put(Ljava/lang/Object;Ljava/lang/Object;)Ljava/lang/Object; @ 47

Classes redefined (0 events):
No events

Internal exceptions (10 events):
Event: 13.858 Thread 0x0000000002902800 Exception <a 'java/lang/ClassNotFoundException': com/fasterxml/jackson/module/paramnames/ParameterNamesModuleBeanInfo> (0x00000000da227868) thrown at [C:\ade\jenkins\workspace\8-2-build-windows-amd64-cygwin\jdk8u241\331\hotspot\src\share\vm\classfile\syst
Event: 13.859 Thread 0x0000000002902800 Exception <a 'java/lang/ClassNotFoundException': com/fasterxml/jackson/databind/module/SimpleModuleBeanInfo> (0x00000000da245c28) thrown at [C:\ade\jenkins\workspace\8-2-build-windows-amd64-cygwin\jdk8u241\331\hotspot\src\share\vm\classfile\systemDictiona
Event: 13.859 Thread 0x0000000002902800 Exception <a 'java/lang/ClassNotFoundException': com/fasterxml/jackson/databind/ModuleBeanInfo> (0x00000000da260530) thrown at [C:\ade\jenkins\workspace\8-2-build-windows-amd64-cygwin\jdk8u241\331\hotspot\src\share\vm\classfile\systemDictionary.cpp, line 
Event: 13.859 Thread 0x0000000002902800 Exception <a 'java/lang/ClassNotFoundException': java/lang/ObjectBeanInfo> (0x00000000da26a8e8) thrown at [C:\ade\jenkins\workspace\8-2-build-windows-amd64-cygwin\jdk8u241\331\hotspot\src\share\vm\classfile\systemDictionary.cpp, line 210]
Event: 13.860 Thread 0x0000000002902800 Exception <a 'java/lang/ClassNotFoundException': java/lang/ObjectCustomizer> (0x00000000da274c68) thrown at [C:\ade\jenkins\workspace\8-2-build-windows-amd64-cygwin\jdk8u241\331\hotspot\src\share\vm\classfile\systemDictionary.cpp, line 210]
Event: 13.860 Thread 0x0000000002902800 Exception <a 'java/lang/ClassNotFoundException': com/fasterxml/jackson/databind/ModuleCustomizer> (0x00000000da293c40) thrown at [C:\ade\jenkins\workspace\8-2-build-windows-amd64-cygwin\jdk8u241\331\hotspot\src\share\vm\classfile\systemDictionary.cpp, lin
Event: 13.861 Thread 0x0000000002902800 Exception <a 'java/lang/ClassNotFoundException': com/fasterxml/jackson/databind/module/SimpleModuleCustomizer> (0x00000000da2b7b60) thrown at [C:\ade\jenkins\workspace\8-2-build-windows-amd64-cygwin\jdk8u241\331\hotspot\src\share\vm\classfile\systemDictio
Event: 13.861 Thread 0x0000000002902800 Exception <a 'java/lang/ClassNotFoundException': com/fasterxml/jackson/module/paramnames/ParameterNamesModuleCustomizer> (0x00000000da3012d0) thrown at [C:\ade\jenkins\workspace\8-2-build-windows-amd64-cygwin\jdk8u241\331\hotspot\src\share\vm\classfile\sy
Event: 13.864 Thread 0x0000000002902800 Exception <a 'java/lang/ClassNotFoundException': com/fasterxml/jackson/core/VersionedCustomizer> (0x00000000da34a418) thrown at [C:\ade\jenkins\workspace\8-2-build-windows-amd64-cygwin\jdk8u241\331\hotspot\src\share\vm\classfile\systemDictionary.cpp, line
Event: 13.865 Thread 0x0000000002902800 Exception <a 'java/lang/ClassNotFoundException': java/lang/ObjectCustomizer> (0x00000000da386340) thrown at [C:\ade\jenkins\workspace\8-2-build-windows-amd64-cygwin\jdk8u241\331\hotspot\src\share\vm\classfile\systemDictionary.cpp, line 210]

Events (10 events):
Event: 13.864 loading class com/fasterxml/jackson/core/VersionedCustomizer
Event: 13.864 loading class com/fasterxml/jackson/core/VersionedCustomizer done
Event: 13.865 loading class java/lang/ObjectCustomizer
Event: 13.865 loading class java/lang/ObjectCustomizer done
Event: 13.865 loading class java/lang/ObjectCustomizer
Event: 13.865 loading class java/lang/ObjectCustomizer done
Event: 13.865 loading class org/springframework/boot/autoconfigure/jackson/JacksonAutoConfigurationCustomizer
Event: 13.865 loading class org/springframework/boot/autoconfigure/jackson/JacksonAutoConfigurationCustomizer done
Event: 13.866 loading class org/springframework/boot/autoconfigure/jackson/JacksonAutoConfigurationCustomizer
Event: 13.866 loading class org/springframework/boot/autoconfigure/jackson/JacksonAutoConfigurationCustomizer done


Dynamic libraries:
0x00007ff6e6d40000 - 0x00007ff6e6d77000 	C:\Program Files\Java\jdk1.8.0_241\jre\bin\java.exe
0x00007fff4ab60000 - 0x00007fff4ad50000 	C:\WINDOWS\SYSTEM32\ntdll.dll
0x00007fff49120000 - 0x00007fff491d2000 	C:\WINDOWS\System32\KERNEL32.DLL
0x00007fff47c70000 - 0x00007fff47f14000 	C:\WINDOWS\System32\KERNELBASE.dll
0x00007fff4a910000 - 0x00007fff4a9b3000 	C:\WINDOWS\System32\ADVAPI32.dll
0x00007fff4a870000 - 0x00007fff4a90e000 	C:\WINDOWS\System32\msvcrt.dll
0x00007fff49710000 - 0x00007fff497a7000 	C:\WINDOWS\System32\sechost.dll
0x00007fff499c0000 - 0x00007fff49ae0000 	C:\WINDOWS\System32\RPCRT4.dll
0x00007fff497b0000 - 0x00007fff49944000 	C:\WINDOWS\System32\USER32.dll
0x00007fff47b40000 - 0x00007fff47b61000 	C:\WINDOWS\System32\win32u.dll
0x00007fff4a840000 - 0x00007fff4a866000 	C:\WINDOWS\System32\GDI32.dll
0x00007fff48780000 - 0x00007fff48914000 	C:\WINDOWS\System32\gdi32full.dll
0x00007fff489a0000 - 0x00007fff48a3e000 	C:\WINDOWS\System32\msvcp_win.dll
0x00007fff47b70000 - 0x00007fff47c6a000 	C:\WINDOWS\System32\ucrtbase.dll
0x00007fff361c0000 - 0x00007fff36444000 	C:\WINDOWS\WinSxS\amd64_microsoft.windows.common-controls_6595b64144ccf1df_6.0.18362.836_none_e6c4b943130f18ed\COMCTL32.dll
0x00007fff48c10000 - 0x00007fff48f46000 	C:\WINDOWS\System32\combase.dll
0x00007fff48920000 - 0x00007fff489a0000 	C:\WINDOWS\System32\bcryptPrimitives.dll
0x00007fff49670000 - 0x00007fff4969e000 	C:\WINDOWS\System32\IMM32.DLL
0x0000000053bf0000 - 0x0000000053cc2000 	C:\Program Files\Java\jdk1.8.0_241\jre\bin\msvcr100.dll
0x0000000053000000 - 0x00000000538ac000 	C:\Program Files\Java\jdk1.8.0_241\jre\bin\server\jvm.dll
0x00007fff4a450000 - 0x00007fff4a458000 	C:\WINDOWS\System32\PSAPI.DLL
0x00007fff317e0000 - 0x00007fff317e9000 	C:\WINDOWS\SYSTEM32\WSOCK32.dll
0x00007fff451d0000 - 0x00007fff451f4000 	C:\WINDOWS\SYSTEM32\WINMM.dll
0x00007fff4a1d0000 - 0x00007fff4a23f000 	C:\WINDOWS\System32\WS2_32.dll
0x00007fff46530000 - 0x00007fff4653a000 	C:\WINDOWS\SYSTEM32\VERSION.dll
0x00007fff451a0000 - 0x00007fff451cd000 	C:\WINDOWS\SYSTEM32\WINMMBASE.dll
0x00007fff47af0000 - 0x00007fff47b3a000 	C:\WINDOWS\System32\cfgmgr32.dll
0x00007fff45230000 - 0x00007fff4523f000 	C:\Program Files\Java\jdk1.8.0_241\jre\bin\verify.dll
0x00007fff407a0000 - 0x00007fff407c9000 	C:\Program Files\Java\jdk1.8.0_241\jre\bin\java.dll
0x00007fff33800000 - 0x00007fff33816000 	C:\Program Files\Java\jdk1.8.0_241\jre\bin\zip.dll
0x00007fff49ae0000 - 0x00007fff4a1c4000 	C:\WINDOWS\System32\SHELL32.dll
0x00007fff4aa70000 - 0x00007fff4ab19000 	C:\WINDOWS\System32\shcore.dll
0x00007fff48000000 - 0x00007fff4877e000 	C:\WINDOWS\System32\windows.storage.dll
0x00007fff47a50000 - 0x00007fff47a73000 	C:\WINDOWS\System32\profapi.dll
0x00007fff47aa0000 - 0x00007fff47aea000 	C:\WINDOWS\System32\powrprof.dll
0x00007fff47a20000 - 0x00007fff47a30000 	C:\WINDOWS\System32\UMPDC.dll
0x00007fff49950000 - 0x00007fff499a2000 	C:\WINDOWS\System32\shlwapi.dll
0x00007fff47a30000 - 0x00007fff47a41000 	C:\WINDOWS\System32\kernel.appcore.dll
0x00007fff48bf0000 - 0x00007fff48c07000 	C:\WINDOWS\System32\cryptsp.dll
0x00007fff40790000 - 0x00007fff4079d000 	C:\Program Files\Java\jdk1.8.0_241\jre\bin\management.dll
0x00007fff337e0000 - 0x00007fff337fa000 	C:\Program Files\Java\jdk1.8.0_241\jre\bin\net.dll
0x00007fff47230000 - 0x00007fff47297000 	C:\WINDOWS\system32\mswsock.dll
0x00007fff41330000 - 0x00007fff41346000 	C:\WINDOWS\system32\napinsp.dll
0x00007fff41310000 - 0x00007fff4132a000 	C:\WINDOWS\system32\pnrpnsp.dll
0x00007fff46f90000 - 0x00007fff4705b000 	C:\WINDOWS\SYSTEM32\DNSAPI.dll
0x00007fff496a0000 - 0x00007fff496a8000 	C:\WINDOWS\System32\NSI.dll
0x00007fff46f40000 - 0x00007fff46f7a000 	C:\WINDOWS\SYSTEM32\IPHLPAPI.DLL
0x00007fff41800000 - 0x00007fff4180e000 	C:\WINDOWS\System32\winrnr.dll
0x00007fff43fd0000 - 0x00007fff43fec000 	C:\WINDOWS\system32\NLAapi.dll
0x00007fff43030000 - 0x00007fff43045000 	C:\WINDOWS\system32\wshbth.dll
0x00007fff3bb50000 - 0x00007fff3bb5a000 	C:\Windows\System32\rasadhlp.dll
0x00007fff3bee0000 - 0x00007fff3bf57000 	C:\WINDOWS\System32\fwpuclnt.dll
0x00007fff47f20000 - 0x00007fff47f46000 	C:\WINDOWS\System32\bcrypt.dll
0x00007fff337c0000 - 0x00007fff337d2000 	C:\Program Files\Java\jdk1.8.0_241\jre\bin\nio.dll
0x00007fff46da0000 - 0x00007fff46dd3000 	C:\WINDOWS\system32\rsaenh.dll
0x00007fff47910000 - 0x00007fff47935000 	C:\WINDOWS\SYSTEM32\USERENV.dll
0x00007fff47400000 - 0x00007fff4740c000 	C:\WINDOWS\SYSTEM32\CRYPTBASE.dll
0x00007fff3daf0000 - 0x00007fff3db06000 	C:\WINDOWS\SYSTEM32\dhcpcsvc6.DLL
0x00007fff3db30000 - 0x00007fff3db4c000 	C:\WINDOWS\SYSTEM32\dhcpcsvc.DLL

VM Arguments:
java_command: C:\Users\Andre\AppData\Local\Temp\surefire623261722030425078\surefirebooter1527146657118123850.jar C:\Users\Andre\AppData\Local\Temp\surefire623261722030425078 2020-05-28T03-27-13_209-jvmRun1 surefire524419931951106595tmp surefire_08728543471881074210tmp
java_class_path (initial): C:\Users\Andre\AppData\Local\Temp\surefire623261722030425078\surefirebooter1527146657118123850.jar
Launcher Type: SUN_STANDARD

Environment Variables:
JAVA_HOME=C:\Program Files\Java\jdk1.8.0_241
PATH=C:\Program Files\Java\jdk1.8.0_241\bin;C:\Program Files (x86)\Common Files\Oracle\Java\javapath;J:\DevSuiteHome_2\jdk\jre\bin\classic;J:\DevSuiteHome_2\jdk\jre\bin;J:\DevSuiteHome_2\jdk\jre\bin\client;J:\DevSuiteHome_2\jlib;J:\DevSuiteHome_2\bin;J:\DevSuiteHome_2\jre\1.4.2\bin\client;J:\DevSuiteHome_2\jre\1.4.2\bin;C:\oraclexe\app\oracle\product\10.2.0\server\bin;C:\WINDOWS\system32;C:\WINDOWS;C:\WINDOWS\System32\Wbem;C:\WINDOWS\System32\WindowsPowerShell\v1.0\;C:\Program Files\Git\cmd;C:\Users\Andre\AppData\Local\Android\Sdk\platform-tools;C:\Users\Andre\AppData\Local\Android\Sdk\tools;C:\WINDOWS\System32\OpenSSH\;C:\Program Files\nodejs\;C:\Maven\bin;C:\Program Files (x86)\Yarn\bin\;C:\xampp\mysql\bin;C:\Users\Andre\AppData\Local\Android\Sdk\platform-tools;C:\Users\Andre\AppData\Local\Programs\Python\Python36\Scripts\;C:\Users\Andre\AppData\Local\Programs\Python\Python36\;C:\Users\Andre\AppData\Local\Microsoft\WindowsApps;C:\Users\Andre\AppData\Local\Programs\Microsoft VS Code\bin;C:\Users\Andre\AppData\Roaming\npm;C:\Program Files\JetBrains\PyCharm 2020.1.1\bin;;C:\Users\Andre\AppData\Local\Yarn\bin;C:\Users\Andre\AppData\Local\Programs\Python\Python36\;C:\Users\Andre\AppData\Local\Programs\Python\Python36\Scripts\;C:\Program Files\JetBrains\IntelliJ IDEA 2019.1.3\bin;;C:\Users\Andre\flutter\bin;C:\Program Files\Android\Android Studio\tools;C:\Program Files\Android\Android Studio\platform-tools;C:\ProgramData\Anaconda3\Scripts;C:\Program Files\heroku\bin;C:\Program Files\Java\jdk-11.0.6\bin;C:\Users\Andre\codenation;;C:\Users\Andre\AppData\Local\Programs\Fiddler
USERNAME=Andre
OS=Windows_NT
PROCESSOR_IDENTIFIER=Intel64 Family 6 Model 142 Stepping 9, GenuineIntel



---------------  S Y S T E M  ---------------

OS: Windows 10.0 , 64 bit Build 18362 (10.0.18362.778)

CPU:total 4 (initial active 4) (2 cores per cpu, 2 threads per core) family 6 model 142 stepping 9, cmov, cx8, fxsr, mmx, sse, sse2, sse3, ssse3, sse4.1, sse4.2, popcnt, avx, avx2, aes, clmul, erms, 3dnowpref, lzcnt, ht, tsc, tscinvbit, bmi1, bmi2, adx

Memory: 4k page, physical 8260324k(395080k free), swap 12454628k(5120k free)

vm_info: Java HotSpot(TM) 64-Bit Server VM (25.241-b07) for windows-amd64 JRE (1.8.0_241-b07), built on Dec 11 2019 10:21:40 by "rejava" with MS VC++ 10.0 (VS2010)

time: Thu May 28 03:27:28 2020
timezone: Hora Padrão de Buenos Aires
elapsed time: 13 seconds (0d 0h 0m 13s)

