#
# There is insufficient memory for the Java Runtime Environment to continue.
# Native memory allocation (mmap) failed to map 134217728 bytes for Failed to commit area from 0x00000000e0000000 to 0x00000000e8000000 of length 134217728.
# Possible reasons:
#   The system is out of physical RAM or swap space
#   The process is running with CompressedOops enabled, and the Java Heap may be blocking the growth of the native heap
# Possible solutions:
#   Reduce memory load on the system
#   Increase physical memory or swap space
#   Check if swap backing store is full
#   Decrease Java heap size (-Xmx/-Xms)
#   Decrease number of Java threads
#   Decrease Java thread stack sizes (-Xss)
#   Set larger code cache with -XX:ReservedCodeCacheSize=
# This output file may be truncated or incomplete.
#
#  Out of Memory Error (t:/workspace/open/src/hotspot/os/windows/os_windows.cpp:3271), pid=10264, tid=8884
#
# JRE version:  (11.0.6+8) (build )
# Java VM: Java HotSpot(TM) 64-Bit Server VM (11.0.6+8-LTS, mixed mode, sharing, tiered, compressed oops, g1 gc, windows-amd64)
# No core dump will be written. Minidumps are not enabled by default on client versions of Windows
#

---------------  S U M M A R Y ------------

Command Line: -Dorg.gradle.native=false -agentlib:jdwp=transport=dt_socket,server=n,suspend=y,address=53992 -Xmx512m -Dfile.encoding=windows-1252 -Duser.country=BR -Duser.language=pt -Duser.variant -ea worker.org.gradle.process.internal.worker.GradleWorkerMain 'Gradle Test Executor 39'

Host: Intel(R) Core(TM) i5-7200U CPU @ 2.50GHz, 4 cores, 7G,  Windows 10 , 64 bit Build 18362 (10.0.18362.778)
Time: Fri May  8 14:43:05 2020 Hora Padrão de Buenos Aires elapsed time: 0 seconds (0d 0h 0m 0s)

---------------  T H R E A D  ---------------

Current thread (0x00000177f00d6800):  JavaThread "Unknown thread" [_thread_in_vm, id=8884, stack(0x0000003107800000,0x0000003107900000)]

Stack: [0x0000003107800000,0x0000003107900000]
Native frames: (J=compiled Java code, j=interpreted, Vv=VM code, C=native code)
V  [jvm.dll+0x63679a]
V  [jvm.dll+0x7755bf]
V  [jvm.dll+0x776c65]
V  [jvm.dll+0x7772d3]
V  [jvm.dll+0x25e7f8]
V  [jvm.dll+0x633c4a]
V  [jvm.dll+0x628625]
V  [jvm.dll+0x314a7c]
V  [jvm.dll+0x314902]
V  [jvm.dll+0x31a176]
V  [jvm.dll+0x36650f]
V  [jvm.dll+0x365f30]
V  [jvm.dll+0x2f1a78]
V  [jvm.dll+0x2f2bf6]
V  [jvm.dll+0x74e707]
V  [jvm.dll+0x74fe7f]
V  [jvm.dll+0x373349]
V  [jvm.dll+0x734e5e]
V  [jvm.dll+0x3e2b5d]
V  [jvm.dll+0x3e4ef1]
C  [java.exe+0x3607]
C  [java.exe+0x178dc]
C  [KERNEL32.DLL+0x17bd4]
C  [ntdll.dll+0x6ce51]


---------------  P R O C E S S  ---------------

Threads class SMR info:
_java_thread_list=0x00000177ee0066b0, length=0, elements={
}

Java Threads: ( => current thread )

Other Threads:
  0x00000177f00ed800 GCTaskThread "GC Thread#0" [stack: 0x0000003107900000,0x0000003107a00000] [id=13928]
  0x00000177f00fe800 ConcurrentGCThread "G1 Main Marker" [stack: 0x0000003107a00000,0x0000003107b00000] [id=1728]
  0x00000177f0100000 ConcurrentGCThread "G1 Conc#0" [stack: 0x0000003107b00000,0x0000003107c00000] [id=16520]

[error occurred during error reporting (printing all threads), id 0xc0000005, EXCEPTION_ACCESS_VIOLATION (0xc0000005) at pc=0x00007fff28270207]

VM state:not at safepoint (not fully initialized)

VM Mutex/Monitor currently owned by a thread:  ([mutex/lock_event])
[0x00000177f00d5030] Heap_lock - owner thread: 0x00000177f00d6800

Heap address: 0x00000000e0000000, size: 512 MB, Compressed Oops mode: Non-zero based: 0x00000000e0000000
Narrow klass base: 0x0000000000000000, Narrow klass shift: 0

GC Heap History (0 events):
No events

Deoptimization events (0 events):
No events

Classes redefined (0 events):
No events

Internal exceptions (0 events):
No events

Events (0 events):
No events


Dynamic libraries:
0x00007ff7d7a10000 - 0x00007ff7d7a57000 	C:\Program Files\Java\jdk-11.0.6\bin\java.exe
0x00007fff64840000 - 0x00007fff64a30000 	C:\WINDOWS\SYSTEM32\ntdll.dll
0x00007fff64740000 - 0x00007fff647f2000 	C:\WINDOWS\System32\KERNEL32.DLL
0x00007fff623d0000 - 0x00007fff62673000 	C:\WINDOWS\System32\KERNELBASE.dll
0x00007fff62d00000 - 0x00007fff62da3000 	C:\WINDOWS\System32\ADVAPI32.dll
0x00007fff62db0000 - 0x00007fff62e4e000 	C:\WINDOWS\System32\msvcrt.dll
0x00007fff63f50000 - 0x00007fff63fe7000 	C:\WINDOWS\System32\sechost.dll
0x00007fff64130000 - 0x00007fff64250000 	C:\WINDOWS\System32\RPCRT4.dll
0x00007fff63db0000 - 0x00007fff63f44000 	C:\WINDOWS\System32\USER32.dll
0x00007fff62680000 - 0x00007fff626a1000 	C:\WINDOWS\System32\win32u.dll
0x00007fff632c0000 - 0x00007fff632e6000 	C:\WINDOWS\System32\GDI32.dll
0x00007fff626b0000 - 0x00007fff62844000 	C:\WINDOWS\System32\gdi32full.dll
0x00007fff62850000 - 0x00007fff628ee000 	C:\WINDOWS\System32\msvcp_win.dll
0x00007fff618b0000 - 0x00007fff619aa000 	C:\WINDOWS\System32\ucrtbase.dll
0x00007fff4ff50000 - 0x00007fff501d5000 	C:\WINDOWS\WinSxS\amd64_microsoft.windows.common-controls_6595b64144ccf1df_6.0.18362.778_none_e6c6b761130d4fb8\COMCTL32.dll
0x00007fff5bc60000 - 0x00007fff5bc6a000 	C:\WINDOWS\SYSTEM32\VERSION.dll
0x00007fff62eb0000 - 0x00007fff631e6000 	C:\WINDOWS\System32\combase.dll
0x00007fff619d0000 - 0x00007fff61a50000 	C:\WINDOWS\System32\bcryptPrimitives.dll
0x00007fff63c20000 - 0x00007fff63c4e000 	C:\WINDOWS\System32\IMM32.DLL
0x00007fff5b210000 - 0x00007fff5b226000 	C:\Program Files\Java\jdk-11.0.6\bin\vcruntime140.dll
0x00007fff4a0a0000 - 0x00007fff4a14a000 	C:\Program Files\Java\jdk-11.0.6\bin\msvcp140.dll
0x00007fff27f70000 - 0x00007fff28a99000 	C:\Program Files\Java\jdk-11.0.6\bin\server\jvm.dll
0x00007fff63ba0000 - 0x00007fff63ba8000 	C:\WINDOWS\System32\PSAPI.DLL
0x00007fff4c330000 - 0x00007fff4c339000 	C:\WINDOWS\SYSTEM32\WSOCK32.dll
0x00007fff5aee0000 - 0x00007fff5af04000 	C:\WINDOWS\SYSTEM32\WINMM.dll
0x00007fff63bb0000 - 0x00007fff63c1f000 	C:\WINDOWS\System32\WS2_32.dll
0x00007fff5aeb0000 - 0x00007fff5aedd000 	C:\WINDOWS\SYSTEM32\WINMMBASE.dll
0x00007fff617d0000 - 0x00007fff6181a000 	C:\WINDOWS\System32\cfgmgr32.dll
0x00007fff61790000 - 0x00007fff617a1000 	C:\WINDOWS\System32\kernel.appcore.dll
0x00007fff5b1f0000 - 0x00007fff5b201000 	C:\Program Files\Java\jdk-11.0.6\bin\verify.dll
0x00007fff60150000 - 0x00007fff60344000 	C:\WINDOWS\SYSTEM32\DBGHELP.DLL
0x00007fff4cb60000 - 0x00007fff4cb8a000 	C:\WINDOWS\SYSTEM32\dbgcore.DLL
0x00007fff4b430000 - 0x00007fff4b459000 	C:\Program Files\Java\jdk-11.0.6\bin\java.dll
0x00007fff4c760000 - 0x00007fff4c797000 	C:\Program Files\Java\jdk-11.0.6\bin\jdwp.dll
0x00007fff4d000000 - 0x00007fff4d016000 	C:\Program Files\Java\jdk-11.0.6\bin\zip.dll
0x00007fff5c530000 - 0x00007fff5c53a000 	C:\Program Files\Java\jdk-11.0.6\bin\jimage.dll

dbghelp: loaded successfully - version: 4.0.5 - missing functions: none
symbol engine: initialized successfully - sym options: 0x614 - pdb path: .;C:\Program Files\Java\jdk-11.0.6\bin;C:\WINDOWS\SYSTEM32;C:\WINDOWS\WinSxS\amd64_microsoft.windows.common-controls_6595b64144ccf1df_6.0.18362.778_none_e6c6b761130d4fb8;C:\Program Files\Java\jdk-11.0.6\bin\server

VM Arguments:
jvm_args: -Dorg.gradle.native=false -agentlib:jdwp=transport=dt_socket,server=n,suspend=y,address=53992 -Xmx512m -Dfile.encoding=windows-1252 -Duser.country=BR -Duser.language=pt -Duser.variant -ea 
java_command: worker.org.gradle.process.internal.worker.GradleWorkerMain 'Gradle Test Executor 39'
java_class_path (initial): C:\\Users\\Andre\\.gradle\\caches\\6.0.1\\workerMain\\gradle-worker.jar;C:\\Users\\Andre\\codenation\\java-15\\build\\classes\\java\\test;C:\\Users\\Andre\\codenation\\java-15\\build\\resources\\test;C:\\Users\\Andre\\codenation\\java-15\\build\\classes\\java\\main;C:\\Users\\Andre\\codenation\\java-15\\build\\resources\\main;C:\\Users\\Andre\\.gradle\\caches\\modules-2\\files-2.1\\junit\\junit\\4.12\\2973d150c0dc1fefe998f834810d68f278ea58ec\\junit-4.12.jar;C:\\Users\\Andre\\.gradle\\caches\\modules-2\\files-2.1\\org.hamcrest\\hamcrest-core\\1.3\\42a25dc3219429f0e5d060061f71acb49bf010a0\\hamcrest-core-1.3.jar
Launcher Type: SUN_STANDARD

[Global flags]
     intx CICompilerCount                          = 3                                         {product} {ergonomic}
     uint ConcGCThreads                            = 1                                         {product} {ergonomic}
     uint G1ConcRefinementThreads                  = 4                                         {product} {ergonomic}
   size_t G1HeapRegionSize                         = 1048576                                   {product} {ergonomic}
    uintx GCDrainStackTargetSize                   = 64                                        {product} {ergonomic}
   size_t InitialHeapSize                          = 134217728                                 {product} {ergonomic}
   size_t MarkStackSize                            = 4194304                                   {product} {ergonomic}
   size_t MaxHeapSize                              = 536870912                                 {product} {command line}
   size_t MinHeapDeltaBytes                        = 1048576                                   {product} {ergonomic}
    uintx NonNMethodCodeHeapSize                   = 5830732                                {pd product} {ergonomic}
    uintx NonProfiledCodeHeapSize                  = 122913754                              {pd product} {ergonomic}
    uintx ProfiledCodeHeapSize                     = 122913754                              {pd product} {ergonomic}
    uintx ReservedCodeCacheSize                    = 251658240                              {pd product} {ergonomic}
     bool SegmentedCodeCache                       = true                                      {product} {ergonomic}
     bool UseCompressedClassPointers               = true                                 {lp64_product} {ergonomic}
     bool UseCompressedOops                        = true                                 {lp64_product} {ergonomic}
     bool UseG1GC                                  = true                                      {product} {ergonomic}
     bool UseLargePagesIndividualAllocation        = false                                  {pd product} {ergonomic}

Logging:
Log output configuration:
 #0: stdout all=warning uptime,level,tags
 #1: stderr all=off uptime,level,tags

Environment Variables:
JAVA_HOME=C:\Program Files\Java\jdk-11.0.6
PATH=C:\Program Files\Java\jdk-11.0.6\bin;C:\Program Files (x86)\Common Files\Oracle\Java\javapath;J:\DevSuiteHome_2\jdk\jre\bin\classic;J:\DevSuiteHome_2\jdk\jre\bin;J:\DevSuiteHome_2\jdk\jre\bin\client;J:\DevSuiteHome_2\jlib;J:\DevSuiteHome_2\bin;J:\DevSuiteHome_2\jre\1.4.2\bin\client;J:\DevSuiteHome_2\jre\1.4.2\bin;C:\oraclexe\app\oracle\product\10.2.0\server\bin;C:\WINDOWS\system32;C:\WINDOWS;C:\WINDOWS\System32\Wbem;C:\WINDOWS\System32\WindowsPowerShell\v1.0\;C:\Program Files\Git\cmd;C:\Users\Andre\AppData\Local\Android\Sdk\platform-tools;C:\Users\Andre\AppData\Local\Android\Sdk\tools;C:\WINDOWS\System32\OpenSSH\;C:\Program Files\nodejs\;C:\Maven\bin;C:\Program Files (x86)\Yarn\bin\;C:\xampp\mysql\bin;C:\Users\Andre\AppData\Local\Programs\Python\Python36\Scripts\;C:\Users\Andre\AppData\Local\Programs\Python\Python36\;C:\Users\Andre\AppData\Local\Microsoft\WindowsApps;C:\Users\Andre\AppData\Local\Programs\Microsoft VS Code\bin;C:\Users\Andre\AppData\Roaming\npm;C:\Program Files\JetBrains\PyCharm 2019.2.2\bin;;C:\Users\Andre\AppData\Local\Yarn\bin;C:\Users\Andre\AppData\Local\Programs\Python\Python36\;C:\Users\Andre\AppData\Local\Programs\Python\Python36\Scripts\;C:\Program Files\JetBrains\IntelliJ IDEA 2019.1.3\bin;;C:\Users\Andre\flutter\bin;C:\Program Files\Android\Android Studio\tools;C:\Program Files\Android\Android Studio\platform-tools;C:\ProgramData\Anaconda3\Scripts;C:\Program Files\heroku\bin;C:\Program Files\Java\jdk-11.0.6\bin;C:\Users\Andre\codenation;
USERNAME=Andre
OS=Windows_NT
PROCESSOR_IDENTIFIER=Intel64 Family 6 Model 142 Stepping 9, GenuineIntel



---------------  S Y S T E M  ---------------

OS: Windows 10 , 64 bit Build 18362 (10.0.18362.778)

CPU:total 4 (initial active 4) (2 cores per cpu, 2 threads per core) family 6 model 142 stepping 9, cmov, cx8, fxsr, mmx, sse, sse2, sse3, ssse3, sse4.1, sse4.2, popcnt, avx, avx2, aes, clmul, erms, 3dnowpref, lzcnt, ht, tsc, tscinvbit, bmi1, bmi2, adx, fma

Memory: 4k page, system-wide physical 8066M (695M free)
TotalPageFile size 12162M (AvailPageFile size 129M)
current process WorkingSet (physical memory assigned to process): 9M, peak: 9M
current process commit charge ("private bytes"): 51M, peak: 179M

vm_info: Java HotSpot(TM) 64-Bit Server VM (11.0.6+8-LTS) for windows-amd64 JRE (11.0.6+8-LTS), built on Dec 11 2019 09:17:57 by "mach5one" with MS VC++ 15.5 (VS2017)

END.
